2024-01-22 08:30:01 INFO User logged in successfully.
2024-01-22 08:45:23 DEBUG Attempting to connect to the database.
2024-01-22 09:00:45 ERROR Database connection failed.
2024-01-22 09:15:10 INFO Data export completed.
2024-01-22 10:30:55 WARNING Disk usage above 80%.
2024-01-22 11:05:00 DEBUG Starting data backup process.
2024-01-22 11:30:15 ERROR Backup process failed.
2024-01-22 12:00:00 INFO User logged out.
2024-01-22 12:45:05 DEBUG Checking system health.
2024-01-22 13:30:30 INFO Scheduled maintenance.
2024-01-22 14:15:45 DEBUG Maintenance completed successfully.
2024-01-22 15:00:00 INFO System reboot scheduled.    
2024-01-22 15:30:20 ERROR Reboot failed due to insufficient permissions.
2024-01-22 16:00:00 INFO User session expired.
2024-01-22 16:30:10 DEBUG User session reactivated.
2024-01-22 17:00:00 INFO System performance metrics updated.
2024-01-22 17:30:25 WARNING High CPU usage detected.
2024-01-22 18:00:00 INFO User settings updated.
2024-01-22 18:30:35 DEBUG Attempting to clear cache.
2024-01-22 19:00:00 INFO Cache cleared successfully.
2024-01-22 19:30:50 ERROR Cache clearing failed due to insufficient space.
2024-01-22 20:00:00 INFO User logged in from a new device.
2024-01-22 20:30:15 DEBUG New device authentication successful.
2024-01-22 21:00:00 INFO User profile updated.
2024-01-22 21:30:25 WARNING Profile update took longer than expected.